<?xml version="1.0" encoding="UTF-8"?>
<!-- Generated by org.testng.reporters.JUnitReportReporter -->
<testsuite hostname="DESKTOP-M0E3QT7" failures="0" tests="1" name="runner.FacebookRunnerClass" time="18.183" errors="0" timestamp="2023-03-18T15:28:04 IST" skipped="0">
  <testcase classname="runner.FacebookRunnerClass" name="runScenario" time="18.183"/>
  <system-out/>
</testsuite> <!-- runner.FacebookRunnerClass -->
